Campaign Generation Log
-------------------------
Campaign Name: Summer Launch 2025
Timestamp (UTC): 2025-09-07T20:36:30.110804
Status: SUCCESS

Metrics:
  - Expected Creatives: 3
  - Generated Creatives: 3

Brief Details:
{
  "campaign_name": "Summer Launch 2025",
  "region": "North America",
  "audience": "Dog owners, pet lovers",
  "message": "The perfect collar for your best friend!",
  "brand_colors": [
    "Blue",
    "White"
  ],
  "products": {
    "Dog Collar": {
      "description": "A durable and stylish collar for medium-sized dogs."
    }
  }
}

Generated File URLs:
  - https://www.dropbox.com/scl/fi/saed17rsl5pldf4cshau3/Summer_Launch_2025_Dog_Collar_1x1_24499de0.png?rlkey=y0rj30ab09x0mg90bd512chio&raw=1
  - https://www.dropbox.com/scl/fi/nksqnopkon50vqterj39b/Summer_Launch_2025_Dog_Collar_9x16_1025f6e9.png?rlkey=thebpffwg4g9cvftljtrej7v9&raw=1
  - https://www.dropbox.com/scl/fi/c80cnp0z6dfmlzml8sm42/Summer_Launch_2025_Dog_Collar_16x9_0f7729e0.png?rlkey=rctcl4iqbmpgy9tfq56gjhrvn&raw=1
